<?xml version="1.0" encoding="utf-8" standalone="no"?>
<test-run id="2" testcasecount="1" result="Passed" total="1" passed="1" failed="0" inconclusive="0" skipped="0" asserts="1" engine-version="3.2.1.0" clr-version="4.0.30319.42000" start-time="2016-05-10 06:57:30Z" end-time="2016-05-10 06:57:30Z" duration="0.128001">
  <command-line><![CDATA["C:\source\FSharp.AspNetCore.Examples\packages\NUnit.ConsoleRunner\tools\nunit3-console.exe" "--noheader" "--timeout=1200000" "C:\source\FSharp.AspNetCore.Examples\tests\FSharp.AspNetCore.Examples.Tests\bin\Release\FSharp.AspNetCore.Examples.Tests.dll" ]]></command-line>
  <test-suite type="Assembly" id="0-1002" name="FSharp.AspNetCore.Examples.Tests.dll" fullname="C:\source\FSharp.AspNetCore.Examples\tests\FSharp.AspNetCore.Examples.Tests\bin\Release\FSharp.AspNetCore.Examples.Tests.dll" runstate="Runnable" testcasecount="1" result="Passed" start-time="2016-05-10 06:57:30Z" end-time="2016-05-10 06:57:30Z" duration="0.063890" total="1" passed="1" failed="0" inconclusive="0" skipped="0" asserts="1">
    <environment framework-version="3.2.1.0" clr-version="4.0.30319.42000" os-version="Microsoft Windows NT 6.1.7601 Service Pack 1" platform="Win32NT" cwd="C:\source\FSharp.AspNetCore.Examples" machine-name="BILLBERRY2" user="bberry" user-domain="CORPDOM" culture="en-US" uiculture="en-US" os-architecture="x64" />
    <settings>
      <setting name="DefaultTimeout" value="1200000" />
      <setting name="WorkDirectory" value="C:\source\FSharp.AspNetCore.Examples" />
      <setting name="ImageRuntimeVersion" value="4.0.30319" />
      <setting name="ImageTargetFrameworkName" value=".NETFramework,Version=v4.6.1" />
      <setting name="ImageRequiresX86" value="False" />
      <setting name="ImageRequiresDefaultAppDomainAssemblyResolver" value="False" />
      <setting name="NumberOfTestWorkers" value="4" />
    </settings>
    <properties>
      <property name="_PID" value="13712" />
      <property name="_APPDOMAIN" value="test-domain-" />
    </properties>
    <test-suite type="TestSuite" id="0-1003" name="FSharp" fullname="FSharp" runstate="Runnable" testcasecount="1" result="Passed" start-time="2016-05-10 06:57:30Z" end-time="2016-05-10 06:57:30Z" duration="0.052936" total="1" passed="1" failed="0" inconclusive="0" skipped="0" asserts="1">
      <test-suite type="TestSuite" id="0-1004" name="AspNetCore" fullname="FSharp.AspNetCore" runstate="Runnable" testcasecount="1" result="Passed" start-time="2016-05-10 06:57:30Z" end-time="2016-05-10 06:57:30Z" duration="0.052801" total="1" passed="1" failed="0" inconclusive="0" skipped="0" asserts="1">
        <test-suite type="TestSuite" id="0-1005" name="Examples" fullname="FSharp.AspNetCore.Examples" runstate="Runnable" testcasecount="1" result="Passed" start-time="2016-05-10 06:57:30Z" end-time="2016-05-10 06:57:30Z" duration="0.052769" total="1" passed="1" failed="0" inconclusive="0" skipped="0" asserts="1">
          <test-suite type="TestFixture" id="0-1000" name="Tests" fullname="FSharp.AspNetCore.Examples.Tests" classname="FSharp.AspNetCore.Examples.Tests" runstate="Runnable" testcasecount="1" result="Passed" start-time="2016-05-10 06:57:30Z" end-time="2016-05-10 06:57:30Z" duration="0.050652" total="1" passed="1" failed="0" inconclusive="0" skipped="0" asserts="1">
            <test-case id="0-1001" name="hello returns 42" fullname="FSharp.AspNetCore.Examples.Tests.hello returns 42" methodname="hello returns 42" classname="FSharp.AspNetCore.Examples.Tests" runstate="Runnable" seed="2031539648" result="Passed" start-time="2016-05-10 06:57:30Z" end-time="2016-05-10 06:57:30Z" duration="0.018128" asserts="1" />
          </test-suite>
        </test-suite>
      </test-suite>
    </test-suite>
  </test-suite>
</test-run>